/*C48*/SET SCHEMA PUBLIC
DELETE FROM CONFIGNODEDATA WHERE NODEDATAID=13
COMMIT
DELETE FROM FEATUREDEPLOYMENT WHERE FEATUREDEPLOYMENTID=13
COMMIT
INSERT INTO FEATUREDEPLOYMENT VALUES(14,1,'helloworldservice','helloworldImpl','helloworldVen','1.0',TRUE,TRUE,TRUE,NULL,NULL)
COMMIT
/*C51*/SET SCHEMA PUBLIC
INSERT INTO CONFIGNODEDATA VALUES(14,6,'helloworldservice','<?xml version="1.0" encoding="UTF-8" standalone="yes"?>\u000a<FeaturesServiceInfo>\u000a    <Features featureGroup="helloworld">\u000a        <Feature featureName="helloworldservice" version="v1" enabled="true" interfaceName="" implementationName="helloworldImpl">\u000a            <Service name="hello-world" enabled="true" vendorName="helloworldVen" Description="hello-world-description">\u000a                <GenericRestEndpoint httpMethod="GET" urlMappingScheme="helloworld/helloworldservice/hello-world">helloworld-helloworldservice-hello-world-helloworldImpl-helloworldVen-ImplementationEnrichmentRoute</GenericRestEndpoint>\u000a            </Service>\u000a        </Feature>\u000a    </Features>\u000a</FeaturesServiceInfo>\u000a','Feature','Sucess',1,'2022-07-04 14:55:27.809000','0')
COMMIT
/*C52*/SET SCHEMA PUBLIC
DISCONNECT
/*C54*/SET SCHEMA PUBLIC
DISCONNECT
/*C53*/SET SCHEMA PUBLIC
DISCONNECT
/*C56*/SET SCHEMA PUBLIC
DELETE FROM CONFIGNODEDATA WHERE NODEDATAID=14
COMMIT
DELETE FROM FEATUREDEPLOYMENT WHERE FEATUREDEPLOYMENTID=14
COMMIT
/*C55*/SET SCHEMA PUBLIC
INSERT INTO FEATUREDEPLOYMENT VALUES(15,1,'helloworldservice','helloworldImpl','helloworldVen','1.0',TRUE,FALSE,TRUE,NULL,NULL)
COMMIT
INSERT INTO CONFIGNODEDATA VALUES(15,6,'helloworldservice','<?xml version="1.0" encoding="UTF-8" standalone="yes"?>\u000a<FeaturesServiceInfo>\u000a    <Features featureGroup="helloworld">\u000a        <Feature featureName="helloworldservice" version="v1" enabled="true" interfaceName="" implementationName="helloworldImpl">\u000a            <Service name="hello-world" enabled="true" vendorName="helloworldVen" Description="hello-world-description">\u000a                <GenericRestEndpoint httpMethod="GET" urlMappingScheme="helloworld/helloworldservice/hello-world">helloworld-helloworldservice-hello-world-helloworldImpl-helloworldVen-ImplementationEnrichmentRoute</GenericRestEndpoint>\u000a            </Service>\u000a        </Feature>\u000a    </Features>\u000a</FeaturesServiceInfo>\u000a','Feature','Sucess',1,'2022-07-04 14:55:44.719000','0')
COMMIT
/*C65*/SET SCHEMA PUBLIC
DISCONNECT
/*C67*/SET SCHEMA PUBLIC
DISCONNECT
/*C66*/SET SCHEMA PUBLIC
DISCONNECT
/*C70*/SET SCHEMA PUBLIC
DELETE FROM CONFIGNODEDATA WHERE NODEDATAID=15
COMMIT
DELETE FROM FEATUREDEPLOYMENT WHERE FEATUREDEPLOYMENTID=15
COMMIT
/*C68*/SET SCHEMA PUBLIC
INSERT INTO FEATUREDEPLOYMENT VALUES(16,1,'helloworldservice','helloworldImpl','helloworldVen','1.0',TRUE,FALSE,TRUE,NULL,NULL)
COMMIT
INSERT INTO CONFIGNODEDATA VALUES(16,6,'helloworldservice','<?xml version="1.0" encoding="UTF-8" standalone="yes"?>\u000a<FeaturesServiceInfo>\u000a    <Features featureGroup="helloworld">\u000a        <Feature featureName="helloworldservice" version="v1" enabled="true" interfaceName="" implementationName="helloworldImpl">\u000a            <Service name="hello-world" enabled="true" vendorName="helloworldVen" Description="hello-world-description">\u000a                <GenericRestEndpoint httpMethod="GET" urlMappingScheme="helloworld/helloworldservice/hello-world">helloworld-helloworldservice-hello-world-helloworldImpl-helloworldVen-ImplementationEnrichmentRoute</GenericRestEndpoint>\u000a            </Service>\u000a        </Feature>\u000a    </Features>\u000a</FeaturesServiceInfo>\u000a','Feature','Sucess',1,'2022-07-04 14:56:25.712000','0')
COMMIT
/*C73*/SET SCHEMA PUBLIC
DISCONNECT
/*C75*/SET SCHEMA PUBLIC
DISCONNECT
/*C74*/SET SCHEMA PUBLIC
DISCONNECT
/*C63*/SET SCHEMA PUBLIC
DISCONNECT
/*C64*/SET SCHEMA PUBLIC
DISCONNECT
/*C48*/DISCONNECT
/*C60*/SET SCHEMA PUBLIC
DISCONNECT
/*C50*/SET SCHEMA PUBLIC
DISCONNECT
/*C49*/SET SCHEMA PUBLIC
DISCONNECT
/*C61*/SET SCHEMA PUBLIC
DISCONNECT
/*C62*/SET SCHEMA PUBLIC
DISCONNECT
/*C51*/DISCONNECT
/*C47*/SET SCHEMA PUBLIC
DISCONNECT
/*C59*/SET SCHEMA PUBLIC
DISCONNECT
/*C56*/DISCONNECT
/*C57*/SET SCHEMA PUBLIC
DISCONNECT
/*C58*/SET SCHEMA PUBLIC
DISCONNECT
/*C55*/DISCONNECT
/*C81*/SET SCHEMA PUBLIC
DISCONNECT
/*C79*/SET SCHEMA PUBLIC
DISCONNECT
/*C84*/SET SCHEMA PUBLIC
DISCONNECT
/*C83*/SET SCHEMA PUBLIC
DISCONNECT
/*C76*/SET SCHEMA PUBLIC
DISCONNECT
/*C68*/DISCONNECT
/*C71*/SET SCHEMA PUBLIC
DISCONNECT
/*C72*/SET SCHEMA PUBLIC
DISCONNECT
/*C69*/SET SCHEMA PUBLIC
DISCONNECT
/*C70*/DISCONNECT
/*C80*/SET SCHEMA PUBLIC
DISCONNECT
/*C78*/SET SCHEMA PUBLIC
DISCONNECT
/*C77*/SET SCHEMA PUBLIC
DISCONNECT
/*C82*/SET SCHEMA PUBLIC
DISCONNECT
/*C85*/SET SCHEMA PUBLIC
DISCONNECT
/*C86*/SET SCHEMA PUBLIC
DELETE FROM CONFIGNODEDATA WHERE NODEDATAID=16
COMMIT
DELETE FROM FEATUREDEPLOYMENT WHERE FEATUREDEPLOYMENTID=16
COMMIT
/*C90*/SET SCHEMA PUBLIC
INSERT INTO FEATUREDEPLOYMENT VALUES(17,1,'helloworldservice','helloworldImpl','helloworldVen','1.0',TRUE,TRUE,TRUE,NULL,NULL)
COMMIT
INSERT INTO CONFIGNODEDATA VALUES(17,6,'helloworldservice','<?xml version="1.0" encoding="UTF-8" standalone="yes"?>\u000a<FeaturesServiceInfo>\u000a    <Features featureGroup="helloworld">\u000a        <Feature featureName="helloworldservice" version="v1" enabled="true" interfaceName="" implementationName="helloworldImpl">\u000a            <Service name="hello-world" enabled="true" vendorName="helloworldVen" Description="hello-world-description">\u000a                <GenericRestEndpoint httpMethod="GET" urlMappingScheme="helloworld/helloworldservice/hello-world">helloworld-helloworldservice-hello-world-helloworldImpl-helloworldVen-ImplementationEnrichmentRoute</GenericRestEndpoint>\u000a            </Service>\u000a        </Feature>\u000a    </Features>\u000a</FeaturesServiceInfo>\u000a','Feature','Sucess',1,'2022-07-04 14:59:04.266000','0')
COMMIT
/*C91*/SET SCHEMA PUBLIC
DISCONNECT
/*C93*/SET SCHEMA PUBLIC
DISCONNECT
/*C92*/SET SCHEMA PUBLIC
DISCONNECT
/*C94*/SET SCHEMA PUBLIC
DISCONNECT
/*C89*/SET SCHEMA PUBLIC
DISCONNECT
/*C86*/DISCONNECT
/*C87*/SET SCHEMA PUBLIC
DISCONNECT
/*C90*/DISCONNECT
/*C88*/SET SCHEMA PUBLIC
DISCONNECT
/*C97*/SET SCHEMA PUBLIC
DELETE FROM CONFIGNODEDATA WHERE NODEDATAID=17
COMMIT
DELETE FROM FEATUREDEPLOYMENT WHERE FEATUREDEPLOYMENTID=17
COMMIT
/*C99*/SET SCHEMA PUBLIC
INSERT INTO FEATUREDEPLOYMENT VALUES(18,1,'helloworldservice','helloworldImpl','helloworldVen','1.0',TRUE,TRUE,TRUE,NULL,NULL)
COMMIT
INSERT INTO CONFIGNODEDATA VALUES(18,6,'helloworldservice','<?xml version="1.0" encoding="UTF-8" standalone="yes"?>\u000a<FeaturesServiceInfo>\u000a    <Features featureGroup="helloworld">\u000a        <Feature featureName="helloworldservice" version="v1" enabled="true" interfaceName="" implementationName="helloworldImpl">\u000a            <Service name="hello-world" enabled="true" vendorName="helloworldVen" Description="hello-world-description">\u000a                <GenericRestEndpoint httpMethod="GET" urlMappingScheme="helloworld/helloworldservice/hello-world">helloworld-helloworldservice-hello-world-helloworldImpl-helloworldVen-ImplementationEnrichmentRoute</GenericRestEndpoint>\u000a            </Service>\u000a        </Feature>\u000a    </Features>\u000a</FeaturesServiceInfo>\u000a','Feature','Sucess',1,'2022-07-04 15:02:00.139000','0')
COMMIT
/*C100*/SET SCHEMA PUBLIC
DISCONNECT
/*C102*/SET SCHEMA PUBLIC
DISCONNECT
/*C101*/SET SCHEMA PUBLIC
DISCONNECT
/*C99*/DISCONNECT
/*C98*/SET SCHEMA PUBLIC
DISCONNECT
/*C97*/DISCONNECT
/*C96*/SET SCHEMA PUBLIC
DISCONNECT
/*C95*/SET SCHEMA PUBLIC
DISCONNECT
